0 info it worked if it ends with ok
1 verbose cli [ 'C:\\Program Files\\nodejs\\node.exe',
1 verbose cli   'C:\\Program Files\\nodejs\\node_modules\\npm\\bin\\npm-cli.js',
1 verbose cli   'i',
1 verbose cli   'node' ]
2 info using npm@4.1.2
3 info using node@v7.7.4
4 silly loadCurrentTree Starting
5 silly install loadCurrentTree
6 silly install readLocalPackageData
7 silly fetchPackageMetaData node
8 silly fetchNamedPackageData node
9 silly mapToRegistry name node
10 silly mapToRegistry using default registry
11 silly mapToRegistry registry https://registry.npmjs.org/
12 silly mapToRegistry data Result {
12 silly mapToRegistry   raw: 'node',
12 silly mapToRegistry   scope: null,
12 silly mapToRegistry   escapedName: 'node',
12 silly mapToRegistry   name: 'node',
12 silly mapToRegistry   rawSpec: '',
12 silly mapToRegistry   spec: 'latest',
12 silly mapToRegistry   type: 'tag' }
13 silly mapToRegistry uri https://registry.npmjs.org/node
14 verbose request uri https://registry.npmjs.org/node
15 verbose request no auth needed
16 info attempt registry request try #1 at 17:16:22
17 verbose request using bearer token for auth
18 verbose request id c616e03010abde53
19 http request GET https://registry.npmjs.org/node
20 http 200 https://registry.npmjs.org/node
21 verbose headers { 'content-type': 'application/json; charset=UTF-8',
21 verbose headers   server: 'UploadServer',
21 verbose headers   'cache-control': 'max-age=300',
21 verbose headers   'last-modified': 'Mon, 5 Mar 2018 5:21:16 GMT',
21 verbose headers   etag: '"5a9cd3cc-54dde"',
21 verbose headers   'x-npm-region': 'SA-East',
21 verbose headers   'content-encoding': 'gzip',
21 verbose headers   'content-length': '56328',
21 verbose headers   'accept-ranges': 'bytes',
21 verbose headers   date: 'Tue, 06 Mar 2018 20:16:46 GMT',
21 verbose headers   via: '1.1 varnish',
21 verbose headers   age: '11417',
21 verbose headers   connection: 'keep-alive',
21 verbose headers   'x-served-by': 'cache-gru17125-GRU',
21 verbose headers   'x-cache': 'HIT',
21 verbose headers   'x-cache-hits': '2',
21 verbose headers   'x-timer': 'S1520367406.497677,VS0,VE0',
21 verbose headers   vary: 'Accept-Encoding, Accept' }
22 silly get cb [ 200,
22 silly get   { 'content-type': 'application/json; charset=UTF-8',
22 silly get     server: 'UploadServer',
22 silly get     'cache-control': 'max-age=300',
22 silly get     'last-modified': 'Mon, 5 Mar 2018 5:21:16 GMT',
22 silly get     etag: '"5a9cd3cc-54dde"',
22 silly get     'x-npm-region': 'SA-East',
22 silly get     'content-encoding': 'gzip',
22 silly get     'content-length': '56328',
22 silly get     'accept-ranges': 'bytes',
22 silly get     date: 'Tue, 06 Mar 2018 20:16:46 GMT',
22 silly get     via: '1.1 varnish',
22 silly get     age: '11417',
22 silly get     connection: 'keep-alive',
22 silly get     'x-served-by': 'cache-gru17125-GRU',
22 silly get     'x-cache': 'HIT',
22 silly get     'x-cache-hits': '2',
22 silly get     'x-timer': 'S1520367406.497677,VS0,VE0',
22 silly get     vary: 'Accept-Encoding, Accept' } ]
23 verbose get saving node to C:\Users\carlos.ribeiro.DEVPARTNER-BR\AppData\Roaming\npm-cache\registry.npmjs.org\node\.cache.json
24 verbose correctMkdir C:\Users\carlos.ribeiro.DEVPARTNER-BR\AppData\Roaming\npm-cache correctMkdir not in flight; initializing
25 silly install normalizeTree
26 silly loadCurrentTree Finishing
27 silly loadIdealTree Starting
28 silly install loadIdealTree
29 silly cloneCurrentTree Starting
30 silly install cloneCurrentTreeToIdealTree
31 silly cloneCurrentTree Finishing
32 silly loadShrinkwrap Starting
33 silly install loadShrinkwrap
34 silly loadShrinkwrap Finishing
35 silly loadAllDepsIntoIdealTree Starting
36 silly install loadAllDepsIntoIdealTree
37 silly resolveWithNewModule node@9.7.0 checking installable status
38 silly cache add args [ 'node', null ]
39 verbose cache add spec node
40 silly cache add parsed spec Result {
40 silly cache add   raw: 'node',
40 silly cache add   scope: null,
40 silly cache add   escapedName: 'node',
40 silly cache add   name: 'node',
40 silly cache add   rawSpec: '',
40 silly cache add   spec: 'latest',
40 silly cache add   type: 'tag' }
41 silly addNamed node@latest
42 verbose addNamed "latest" is being treated as a dist-tag for node
43 info addNameTag [ 'node', 'latest' ]
44 silly mapToRegistry name node
45 silly mapToRegistry using default registry
46 silly mapToRegistry registry https://registry.npmjs.org/
47 silly mapToRegistry data Result {
47 silly mapToRegistry   raw: 'node',
47 silly mapToRegistry   scope: null,
47 silly mapToRegistry   escapedName: 'node',
47 silly mapToRegistry   name: 'node',
47 silly mapToRegistry   rawSpec: '',
47 silly mapToRegistry   spec: 'latest',
47 silly mapToRegistry   type: 'tag' }
48 silly mapToRegistry uri https://registry.npmjs.org/node
49 verbose addNameTag registry:https://registry.npmjs.org/node not in flight; fetching
50 verbose get https://registry.npmjs.org/node not expired, no request
51 silly addNameTag next cb for node with tag latest
52 silly addNamed node@9.7.0
53 verbose addNamed "9.7.0" is a plain semver version for node
54 silly mapToRegistry name node
55 silly mapToRegistry using default registry
56 silly mapToRegistry registry https://registry.npmjs.org/
57 silly mapToRegistry data Result {
57 silly mapToRegistry   raw: 'node',
57 silly mapToRegistry   scope: null,
57 silly mapToRegistry   escapedName: 'node',
57 silly mapToRegistry   name: 'node',
57 silly mapToRegistry   rawSpec: '',
57 silly mapToRegistry   spec: 'latest',
57 silly mapToRegistry   type: 'tag' }
58 silly mapToRegistry uri https://registry.npmjs.org/node
59 verbose addRemoteTarball https://registry.npmjs.org/node/-/node-9.7.0.tgz not in flight; adding
60 verbose addRemoteTarball [ 'https://registry.npmjs.org/node/-/node-9.7.0.tgz',
60 verbose addRemoteTarball   'c69f5fcfb281680a39dc7671668488b3c3f49e8c' ]
61 info retry fetch attempt 1 at 17:16:22
62 info attempt registry request try #1 at 17:16:22
63 http fetch GET https://registry.npmjs.org/node/-/node-9.7.0.tgz
64 verbose request using bearer token for auth
65 http fetch 200 https://registry.npmjs.org/node/-/node-9.7.0.tgz
66 silly fetchAndShaCheck shasum c69f5fcfb281680a39dc7671668488b3c3f49e8c
67 verbose addTmpTarball C:\Users\CARLOS~1.DEV\AppData\Local\Temp\npm-64436-7474028c\registry.npmjs.org\node\-\node-9.7.0.tgz not in flight; adding
68 verbose addTmpTarball already have metadata; skipping unpack for node@9.7.0
69 verbose correctMkdir C:\Users\carlos.ribeiro.DEVPARTNER-BR\AppData\Roaming\npm-cache correctMkdir not in flight; initializing
70 silly cache afterAdd node@9.7.0
71 verbose afterAdd C:\Users\carlos.ribeiro.DEVPARTNER-BR\AppData\Roaming\npm-cache\node\9.7.0\package\package.json not in flight; writing
72 verbose correctMkdir C:\Users\carlos.ribeiro.DEVPARTNER-BR\AppData\Roaming\npm-cache correctMkdir not in flight; initializing
73 verbose afterAdd C:\Users\carlos.ribeiro.DEVPARTNER-BR\AppData\Roaming\npm-cache\node\9.7.0\package\package.json written
74 silly fetchNamedPackageData node-bin-setup
75 silly mapToRegistry name node-bin-setup
76 silly mapToRegistry using default registry
77 silly mapToRegistry registry https://registry.npmjs.org/
78 silly mapToRegistry data Result {
78 silly mapToRegistry   raw: 'node-bin-setup',
78 silly mapToRegistry   scope: null,
78 silly mapToRegistry   escapedName: 'node-bin-setup',
78 silly mapToRegistry   name: 'node-bin-setup',
78 silly mapToRegistry   rawSpec: '',
78 silly mapToRegistry   spec: 'latest',
78 silly mapToRegistry   type: 'tag' }
79 silly mapToRegistry uri https://registry.npmjs.org/node-bin-setup
80 verbose request uri https://registry.npmjs.org/node-bin-setup
81 verbose request no auth needed
82 info attempt registry request try #1 at 17:16:22
83 verbose request using bearer token for auth
84 http request GET https://registry.npmjs.org/node-bin-setup
85 http 200 https://registry.npmjs.org/node-bin-setup
86 verbose headers { 'content-type': 'application/json; charset=UTF-8',
86 verbose headers   server: 'UploadServer',
86 verbose headers   'cache-control': 'max-age=300',
86 verbose headers   'last-modified': 'Tue, 25 Jul 2017 3:32:58 GMT',
86 verbose headers   etag: '"5976bbea-1511"',
86 verbose headers   'x-npm-region': 'SA-East',
86 verbose headers   'content-encoding': 'gzip',
86 verbose headers   'content-length': '1464',
86 verbose headers   'accept-ranges': 'bytes',
86 verbose headers   date: 'Tue, 06 Mar 2018 20:16:47 GMT',
86 verbose headers   via: '1.1 varnish',
86 verbose headers   age: '11416',
86 verbose headers   connection: 'keep-alive',
86 verbose headers   'x-served-by': 'cache-gru17125-GRU',
86 verbose headers   'x-cache': 'HIT',
86 verbose headers   'x-cache-hits': '1',
86 verbose headers   'x-timer': 'S1520367407.032494,VS0,VE1',
86 verbose headers   vary: 'Accept-Encoding, Accept' }
87 silly get cb [ 200,
87 silly get   { 'content-type': 'application/json; charset=UTF-8',
87 silly get     server: 'UploadServer',
87 silly get     'cache-control': 'max-age=300',
87 silly get     'last-modified': 'Tue, 25 Jul 2017 3:32:58 GMT',
87 silly get     etag: '"5976bbea-1511"',
87 silly get     'x-npm-region': 'SA-East',
87 silly get     'content-encoding': 'gzip',
87 silly get     'content-length': '1464',
87 silly get     'accept-ranges': 'bytes',
87 silly get     date: 'Tue, 06 Mar 2018 20:16:47 GMT',
87 silly get     via: '1.1 varnish',
87 silly get     age: '11416',
87 silly get     connection: 'keep-alive',
87 silly get     'x-served-by': 'cache-gru17125-GRU',
87 silly get     'x-cache': 'HIT',
87 silly get     'x-cache-hits': '1',
87 silly get     'x-timer': 'S1520367407.032494,VS0,VE1',
87 silly get     vary: 'Accept-Encoding, Accept' } ]
88 verbose get saving node-bin-setup to C:\Users\carlos.ribeiro.DEVPARTNER-BR\AppData\Roaming\npm-cache\registry.npmjs.org\node-bin-setup\.cache.json
89 verbose correctMkdir C:\Users\carlos.ribeiro.DEVPARTNER-BR\AppData\Roaming\npm-cache correctMkdir not in flight; initializing
90 silly pickManifestFromRegistryMetadata spec >=1.0.0 <2.0.0 tag latest versions [ '1.0.0', '1.0.1', '1.0.2', '1.0.3', '1.0.4', '1.0.6' ]
91 silly resolveWithNewModule node-bin-setup@1.0.6 checking installable status
92 silly cache add args [ 'node-bin-setup@^1.0.0', null ]
93 verbose cache add spec node-bin-setup@^1.0.0
94 silly cache add parsed spec Result {
94 silly cache add   raw: 'node-bin-setup@^1.0.0',
94 silly cache add   scope: null,
94 silly cache add   escapedName: 'node-bin-setup',
94 silly cache add   name: 'node-bin-setup',
94 silly cache add   rawSpec: '^1.0.0',
94 silly cache add   spec: '>=1.0.0 <2.0.0',
94 silly cache add   type: 'range' }
95 silly addNamed node-bin-setup@>=1.0.0 <2.0.0
96 verbose addNamed ">=1.0.0 <2.0.0" is a valid semver range for node-bin-setup
97 silly addNameRange { name: 'node-bin-setup',
97 silly addNameRange   range: '>=1.0.0 <2.0.0',
97 silly addNameRange   hasData: false }
98 silly mapToRegistry name node-bin-setup
99 silly mapToRegistry using default registry
100 silly mapToRegistry registry https://registry.npmjs.org/
101 silly mapToRegistry data Result {
101 silly mapToRegistry   raw: 'node-bin-setup',
101 silly mapToRegistry   scope: null,
101 silly mapToRegistry   escapedName: 'node-bin-setup',
101 silly mapToRegistry   name: 'node-bin-setup',
101 silly mapToRegistry   rawSpec: '',
101 silly mapToRegistry   spec: 'latest',
101 silly mapToRegistry   type: 'tag' }
102 silly mapToRegistry uri https://registry.npmjs.org/node-bin-setup
103 verbose addNameRange registry:https://registry.npmjs.org/node-bin-setup not in flight; fetching
104 verbose get https://registry.npmjs.org/node-bin-setup not expired, no request
105 silly addNameRange number 2 { name: 'node-bin-setup',
105 silly addNameRange   range: '>=1.0.0 <2.0.0',
105 silly addNameRange   hasData: true }
106 silly addNameRange versions [ 'node-bin-setup',
106 silly addNameRange   [ '1.0.0', '1.0.1', '1.0.2', '1.0.3', '1.0.4', '1.0.6' ] ]
107 silly pickManifestFromRegistryMetadata spec >=1.0.0 <2.0.0 tag latest versions [ '1.0.0', '1.0.1', '1.0.2', '1.0.3', '1.0.4', '1.0.6' ]
108 silly addNamed node-bin-setup@latest
109 verbose addNamed "latest" is being treated as a dist-tag for node-bin-setup
110 info addNameTag [ 'node-bin-setup', 'latest' ]
111 silly mapToRegistry name node-bin-setup
112 silly mapToRegistry using default registry
113 silly mapToRegistry registry https://registry.npmjs.org/
114 silly mapToRegistry data Result {
114 silly mapToRegistry   raw: 'node-bin-setup',
114 silly mapToRegistry   scope: null,
114 silly mapToRegistry   escapedName: 'node-bin-setup',
114 silly mapToRegistry   name: 'node-bin-setup',
114 silly mapToRegistry   rawSpec: '',
114 silly mapToRegistry   spec: 'latest',
114 silly mapToRegistry   type: 'tag' }
115 silly mapToRegistry uri https://registry.npmjs.org/node-bin-setup
116 verbose addNameTag registry:https://registry.npmjs.org/node-bin-setup already in flight; waiting
117 silly addNameTag next cb for node-bin-setup with tag latest
118 silly addNamed node-bin-setup@1.0.6
119 verbose addNamed "1.0.6" is a plain semver version for node-bin-setup
120 silly mapToRegistry name node-bin-setup
121 silly mapToRegistry using default registry
122 silly mapToRegistry registry https://registry.npmjs.org/
123 silly mapToRegistry data Result {
123 silly mapToRegistry   raw: 'node-bin-setup',
123 silly mapToRegistry   scope: null,
123 silly mapToRegistry   escapedName: 'node-bin-setup',
123 silly mapToRegistry   name: 'node-bin-setup',
123 silly mapToRegistry   rawSpec: '',
123 silly mapToRegistry   spec: 'latest',
123 silly mapToRegistry   type: 'tag' }
124 silly mapToRegistry uri https://registry.npmjs.org/node-bin-setup
125 verbose addRemoteTarball https://registry.npmjs.org/node-bin-setup/-/node-bin-setup-1.0.6.tgz not in flight; adding
126 verbose addRemoteTarball [ 'https://registry.npmjs.org/node-bin-setup/-/node-bin-setup-1.0.6.tgz',
126 verbose addRemoteTarball   '4b5c9bb937ece702d7069b36ca78af4684677528' ]
127 info retry fetch attempt 1 at 17:16:23
128 info attempt registry request try #1 at 17:16:23
129 http fetch GET https://registry.npmjs.org/node-bin-setup/-/node-bin-setup-1.0.6.tgz
130 verbose request using bearer token for auth
131 http fetch 200 https://registry.npmjs.org/node-bin-setup/-/node-bin-setup-1.0.6.tgz
132 silly fetchAndShaCheck shasum 4b5c9bb937ece702d7069b36ca78af4684677528
133 verbose addTmpTarball C:\Users\CARLOS~1.DEV\AppData\Local\Temp\npm-64436-7474028c\registry.npmjs.org\node-bin-setup\-\node-bin-setup-1.0.6.tgz not in flight; adding
134 verbose addTmpTarball already have metadata; skipping unpack for node-bin-setup@1.0.6
135 verbose correctMkdir C:\Users\carlos.ribeiro.DEVPARTNER-BR\AppData\Roaming\npm-cache correctMkdir not in flight; initializing
136 silly cache afterAdd node-bin-setup@1.0.6
137 verbose afterAdd C:\Users\carlos.ribeiro.DEVPARTNER-BR\AppData\Roaming\npm-cache\node-bin-setup\1.0.6\package\package.json not in flight; writing
138 verbose correctMkdir C:\Users\carlos.ribeiro.DEVPARTNER-BR\AppData\Roaming\npm-cache correctMkdir not in flight; initializing
139 verbose afterAdd C:\Users\carlos.ribeiro.DEVPARTNER-BR\AppData\Roaming\npm-cache\node-bin-setup\1.0.6\package\package.json written
140 silly fetchNamedPackageData fsevents
141 silly mapToRegistry name fsevents
142 silly mapToRegistry using default registry
143 silly mapToRegistry registry https://registry.npmjs.org/
144 silly mapToRegistry data Result {
144 silly mapToRegistry   raw: 'fsevents',
144 silly mapToRegistry   scope: null,
144 silly mapToRegistry   escapedName: 'fsevents',
144 silly mapToRegistry   name: 'fsevents',
144 silly mapToRegistry   rawSpec: '',
144 silly mapToRegistry   spec: 'latest',
144 silly mapToRegistry   type: 'tag' }
145 silly mapToRegistry uri https://registry.npmjs.org/fsevents
146 verbose request uri https://registry.npmjs.org/fsevents
147 verbose request no auth needed
148 info attempt registry request try #1 at 17:16:23
149 verbose request using bearer token for auth
150 verbose etag "5a7fa6de-e526"
151 verbose lastModified Sun, 11 Feb 2018 2:13:50 GMT
152 http request GET https://registry.npmjs.org/fsevents
153 http 304 https://registry.npmjs.org/fsevents
154 verbose headers { date: 'Tue, 06 Mar 2018 20:16:47 GMT',
154 verbose headers   via: '1.1 varnish',
154 verbose headers   'cache-control': 'max-age=300',
154 verbose headers   etag: '"5a7fa6de-e526"',
154 verbose headers   age: '8528',
154 verbose headers   connection: 'keep-alive',
154 verbose headers   'x-served-by': 'cache-gru17125-GRU',
154 verbose headers   'x-cache': 'HIT',
154 verbose headers   'x-cache-hits': '249',
154 verbose headers   'x-timer': 'S1520367407.301950,VS0,VE0',
154 verbose headers   vary: 'Accept-Encoding, Accept' }
155 silly get cb [ 304,
155 silly get   { date: 'Tue, 06 Mar 2018 20:16:47 GMT',
155 silly get     via: '1.1 varnish',
155 silly get     'cache-control': 'max-age=300',
155 silly get     etag: '"5a7fa6de-e526"',
155 silly get     age: '8528',
155 silly get     connection: 'keep-alive',
155 silly get     'x-served-by': 'cache-gru17125-GRU',
155 silly get     'x-cache': 'HIT',
155 silly get     'x-cache-hits': '249',
155 silly get     'x-timer': 'S1520367407.301950,VS0,VE0',
155 silly get     vary: 'Accept-Encoding, Accept' } ]
156 verbose etag https://registry.npmjs.org/fsevents from cache
157 verbose get saving fsevents to C:\Users\carlos.ribeiro.DEVPARTNER-BR\AppData\Roaming\npm-cache\registry.npmjs.org\fsevents\.cache.json
158 verbose correctMkdir C:\Users\carlos.ribeiro.DEVPARTNER-BR\AppData\Roaming\npm-cache correctMkdir not in flight; initializing
159 silly pickManifestFromRegistryMetadata spec >=1.0.0 <2.0.0 tag latest versions [ '0.1.1',
159 silly pickManifestFromRegistryMetadata   '0.1.3',
159 silly pickManifestFromRegistryMetadata   '0.1.4',
159 silly pickManifestFromRegistryMetadata   '0.1.5',
159 silly pickManifestFromRegistryMetadata   '0.1.6',
159 silly pickManifestFromRegistryMetadata   '0.2.0',
159 silly pickManifestFromRegistryMetadata   '0.3.0',
159 silly pickManifestFromRegistryMetadata   '0.3.1',
159 silly pickManifestFromRegistryMetadata   '0.3.2',
159 silly pickManifestFromRegistryMetadata   '0.3.3',
159 silly pickManifestFromRegistryMetadata   '0.3.4',
159 silly pickManifestFromRegistryMetadata   '0.3.5',
159 silly pickManifestFromRegistryMetadata   '0.3.6',
159 silly pickManifestFromRegistryMetadata   '0.3.7',
159 silly pickManifestFromRegistryMetadata   '0.3.8',
159 silly pickManifestFromRegistryMetadata   '1.0.0',
159 silly pickManifestFromRegistryMetadata   '1.0.1',
159 silly pickManifestFromRegistryMetadata   '1.0.2',
159 silly pickManifestFromRegistryMetadata   '1.0.3',
159 silly pickManifestFromRegistryMetadata   '1.0.4',
159 silly pickManifestFromRegistryMetadata   '1.0.5',
159 silly pickManifestFromRegistryMetadata   '1.0.6',
159 silly pickManifestFromRegistryMetadata   '1.0.7',
159 silly pickManifestFromRegistryMetadata   '1.0.8',
159 silly pickManifestFromRegistryMetadata   '1.0.9',
159 silly pickManifestFromRegistryMetadata   '1.0.10',
159 silly pickManifestFromRegistryMetadata   '1.0.11',
159 silly pickManifestFromRegistryMetadata   '1.0.12',
159 silly pickManifestFromRegistryMetadata   '1.0.14',
159 silly pickManifestFromRegistryMetadata   '1.0.15',
159 silly pickManifestFromRegistryMetadata   '1.0.17',
159 silly pickManifestFromRegistryMetadata   '1.0.18-0',
159 silly pickManifestFromRegistryMetadata   '1.1.0',
159 silly pickManifestFromRegistryMetadata   '1.1.1',
159 silly pickManifestFromRegistryMetadata   '1.1.2',
159 silly pickManifestFromRegistryMetadata   '1.1.3' ]
160 silly resolveWithNewModule fsevents@1.1.3 checking installable status
161 silly loadAllDepsIntoIdealTree Finishing
162 silly loadIdealTree Finishing
163 silly currentTree chori
163 silly currentTree +-- @ionic/cli-utils@1.9.2
163 silly currentTree +-- @types/gulp@3.8.33
163 silly currentTree +-- @types/node@8.0.26
163 silly currentTree +-- @types/orchestrator@0.3.0
163 silly currentTree +-- @types/q@0.0.37
163 silly currentTree +-- @types/vinyl@2.0.1
163 silly currentTree +-- accepts@1.3.4
163 silly currentTree +-- angularfire2@5.0.0-rc.1
163 silly currentTree +-- ansi-escapes@2.0.0
163 silly currentTree +-- ansi-regex@3.0.0
163 silly currentTree +-- ansi-styles@3.2.0
163 silly currentTree +-- anymatch@1.3.2
163 silly currentTree +-- archiver-utils@1.3.0
163 silly currentTree +-- archiver@2.0.3
163 silly currentTree +-- arr-diff@2.0.0
163 silly currentTree +-- arr-flatten@1.1.0
163 silly currentTree +-- array-flatten@1.1.1
163 silly currentTree +-- array-unique@0.2.1
163 silly currentTree +-- async-each@1.0.1
163 silly currentTree +-- async@2.5.0
163 silly currentTree +-- asynckit@0.4.0
163 silly currentTree +-- balanced-match@1.0.0
163 silly currentTree +-- binary-extensions@1.10.0
163 silly currentTree +-- bl@1.2.1
163 silly currentTree +-- block-stream@0.0.9
163 silly currentTree +-- body@5.1.0
163 silly currentTree +-- brace-expansion@1.1.8
163 silly currentTree +-- braces@1.8.5
163 silly currentTree +-- bson@1.0.4
163 silly currentTree +-- buffer-crc32@0.2.13
163 silly currentTree +-- buffer-shims@1.0.0
163 silly currentTree +-- bytes@1.0.0
163 silly currentTree +-- chalk@2.1.0
163 silly currentTree +-- chokidar@1.7.0
163 silly currentTree +-- ci-info@1.1.1
163 silly currentTree +-- cli-cursor@2.1.0
163 silly currentTree +-- cli-width@2.2.0
163 silly currentTree +-- color-convert@1.9.0
163 silly currentTree +-- color-name@1.1.3
163 silly currentTree +-- combined-stream@1.0.5
163 silly currentTree +-- component-emitter@1.2.1
163 silly currentTree +-- compress-commons@1.2.0
163 silly currentTree +-- concat-map@0.0.1
163 silly currentTree +-- content-disposition@0.5.2
163 silly currentTree +-- content-type@1.0.2
163 silly currentTree +-- continuable-cache@0.3.1
163 silly currentTree +-- cookie-signature@1.0.6
163 silly currentTree +-- cookie@0.3.1
163 silly currentTree +-- cookiejar@2.1.1
163 silly currentTree +-- core-util-is@1.0.2
163 silly currentTree +-- crc@3.4.4
163 silly currentTree +-- crc32-stream@2.0.0
163 silly currentTree +-- cross-spawn@5.1.0
163 silly currentTree +-- dargs@5.1.0
163 silly currentTree +-- debug@2.6.8
163 silly currentTree +-- delayed-stream@1.0.0
163 silly currentTree +-- depd@1.1.1
163 silly currentTree +-- destroy@1.0.4
163 silly currentTree +-- diff@3.3.1
163 silly currentTree +-- ee-first@1.1.1
163 silly currentTree +-- elementtree@0.1.7
163 silly currentTree +-- encodeurl@1.0.1
163 silly currentTree +-- end-of-stream@1.4.0
163 silly currentTree +-- error@7.0.2
163 silly currentTree +-- es6-promise@3.2.1
163 silly currentTree +-- escape-html@1.0.3
163 silly currentTree +-- escape-string-regexp@1.0.5
163 silly currentTree +-- etag@1.8.0
163 silly currentTree +-- expand-brackets@0.1.5
163 silly currentTree +-- expand-range@1.8.2
163 silly currentTree +-- express@4.15.4
163 silly currentTree +-- extend@3.0.1
163 silly currentTree +-- external-editor@2.0.4
163 silly currentTree +-- extglob@0.3.2
163 silly currentTree +-- faye-websocket@0.10.0
163 silly currentTree +-- figures@2.0.0
163 silly currentTree +-- filename-regex@2.0.1
163 silly currentTree +-- fill-range@2.2.3
163 silly currentTree +-- finalhandler@1.0.4
163 silly currentTree +-- for-in@1.0.2
163 silly currentTree +-- for-own@0.1.5
163 silly currentTree +-- form-data@2.3.1
163 silly currentTree +-- formidable@1.1.1
163 silly currentTree +-- forwarded@0.1.0
163 silly currentTree +-- fresh@0.5.0
163 silly currentTree +-- fs.realpath@1.0.0
163 silly currentTree +-- fstream@1.0.11
163 silly currentTree +-- glob-base@0.3.0
163 silly currentTree +-- glob-parent@2.0.0
163 silly currentTree +-- glob@7.1.2
163 silly currentTree +-- graceful-fs@4.1.11
163 silly currentTree +-- has-flag@2.0.0
163 silly currentTree +-- http-errors@1.6.2
163 silly currentTree +-- iconv-lite@0.4.18
163 silly currentTree +-- inflight@1.0.6
163 silly currentTree +-- inherits@2.0.3
163 silly currentTree +-- inquirer@3.2.3
163 silly currentTree +-- ionic@3.9.2
163 silly currentTree +-- ipaddr.js@1.4.0
163 silly currentTree +-- is-binary-path@1.0.1
163 silly currentTree +-- is-buffer@1.1.5
163 silly currentTree +-- is-dotfile@1.0.3
163 silly currentTree +-- is-equal-shallow@0.1.3
163 silly currentTree +-- is-extendable@0.1.1
163 silly currentTree +-- is-extglob@1.0.0
163 silly currentTree +-- is-fullwidth-code-point@2.0.0
163 silly currentTree +-- is-glob@2.0.1
163 silly currentTree +-- is-number@2.1.0
163 silly currentTree +-- is-posix-bracket@0.1.1
163 silly currentTree +-- is-primitive@2.0.0
163 silly currentTree +-- is-promise@2.1.0
163 silly currentTree +-- is-wsl@1.1.0
163 silly currentTree +-- isarray@1.0.0
163 silly currentTree +-- isexe@2.0.0
163 silly currentTree +-- isobject@2.1.0
163 silly currentTree +-- jschardet@1.5.1
163 silly currentTree +-- kind-of@3.2.2
163 silly currentTree +-- lazystream@1.0.0
163 silly currentTree +-- leek@0.0.24
163 silly currentTree +-- livereload-js@2.2.2
163 silly currentTree +-- lodash._baseassign@3.2.0
163 silly currentTree +-- lodash._basecopy@3.0.1
163 silly currentTree +-- lodash._bindcallback@3.0.1
163 silly currentTree +-- lodash._createassigner@3.1.1
163 silly currentTree +-- lodash._getnative@3.9.1
163 silly currentTree +-- lodash._isiterateecall@3.0.9
163 silly currentTree +-- lodash.assign@3.2.0
163 silly currentTree +-- lodash.isarguments@3.1.0
163 silly currentTree +-- lodash.isarray@3.0.4
163 silly currentTree +-- lodash.keys@3.1.2
163 silly currentTree +-- lodash.restparam@3.6.1
163 silly currentTree +-- lodash@4.17.4
163 silly currentTree +-- lru-cache@4.1.1
163 silly currentTree +-- macos-release@1.1.0
163 silly currentTree +-- media-typer@0.3.0
163 silly currentTree +-- merge-descriptors@1.0.1
163 silly currentTree +-- methods@1.1.2
163 silly currentTree +-- micromatch@2.3.11
163 silly currentTree +-- mime-db@1.30.0
163 silly currentTree +-- mime-types@2.1.17
163 silly currentTree +-- mime@1.3.4
163 silly currentTree +-- mimic-fn@1.1.0
163 silly currentTree +-- minimatch@3.0.4
163 silly currentTree +-- minimist@1.2.0
163 silly currentTree +-- mkdirp@0.5.1
163 silly currentTree | `-- minimist@0.0.8
163 silly currentTree +-- mongodb-core@2.1.15
163 silly currentTree +-- mongodb@2.2.31
163 silly currentTree +-- ms@2.0.0
163 silly currentTree +-- mute-stream@0.0.7
163 silly currentTree +-- ncp@2.0.0
163 silly currentTree +-- negotiator@0.6.1
163 silly currentTree +-- normalize-path@2.1.1
163 silly currentTree +-- object-assign@4.1.1
163 silly currentTree +-- object.omit@2.0.1
163 silly currentTree +-- on-finished@2.3.0
163 silly currentTree +-- once@1.4.0
163 silly currentTree +-- onetime@2.0.1
163 silly currentTree +-- opn@5.1.0
163 silly currentTree +-- os-name@2.0.1
163 silly currentTree +-- os-tmpdir@1.0.2
163 silly currentTree +-- parse-glob@3.0.4
163 silly currentTree +-- parseurl@1.3.1
163 silly currentTree +-- path-is-absolute@1.0.1
163 silly currentTree +-- path-to-regexp@0.1.7
163 silly currentTree +-- preserve@0.2.0
163 silly currentTree +-- process-nextick-args@1.0.7
163 silly currentTree +-- proxy-addr@1.1.5
163 silly currentTree +-- proxy-middleware@0.15.0
163 silly currentTree +-- pseudomap@1.0.2
163 silly currentTree +-- qs@6.5.0
163 silly currentTree +-- randomatic@1.1.7
163 silly currentTree | +-- is-number@3.0.0
163 silly currentTree | | `-- kind-of@3.2.2
163 silly currentTree | `-- kind-of@4.0.0
163 silly currentTree +-- range-parser@1.2.0
163 silly currentTree +-- raw-body@1.1.7
163 silly currentTree | `-- string_decoder@0.10.31
163 silly currentTree +-- readable-stream@2.2.7
163 silly currentTree +-- readdirp@2.1.0
163 silly currentTree +-- regex-cache@0.4.4
163 silly currentTree +-- remove-trailing-separator@1.1.0
163 silly currentTree +-- repeat-element@1.1.2
163 silly currentTree +-- repeat-string@1.6.1
163 silly currentTree +-- require_optional@1.0.1
163 silly currentTree +-- resolve-from@2.0.0
163 silly currentTree +-- restore-cursor@2.0.0
163 silly currentTree +-- rimraf@2.6.1
163 silly currentTree +-- rsvp@3.6.2
163 silly currentTree +-- run-async@2.3.0
163 silly currentTree +-- rx-lite-aggregates@4.0.8
163 silly currentTree +-- rx-lite@4.0.8
163 silly currentTree +-- safe-buffer@5.1.1
163 silly currentTree +-- safe-json-parse@1.0.1
163 silly currentTree +-- sax@1.1.4
163 silly currentTree +-- semver@5.4.1
163 silly currentTree +-- send@0.15.4
163 silly currentTree +-- serve-static@1.12.4
163 silly currentTree +-- set-immediate-shim@1.0.1
163 silly currentTree +-- setprototypeof@1.0.3
163 silly currentTree +-- shebang-command@1.2.0
163 silly currentTree +-- shebang-regex@1.0.0
163 silly currentTree +-- signal-exit@3.0.2
163 silly currentTree +-- slice-ansi@1.0.0
163 silly currentTree +-- ssh-config@1.0.1
163 silly currentTree +-- statuses@1.3.1
163 silly currentTree +-- string_decoder@1.0.3
163 silly currentTree +-- string-template@0.2.1
163 silly currentTree +-- string-width@2.1.1
163 silly currentTree +-- strip-ansi@4.0.0
163 silly currentTree +-- superagent@3.6.0
163 silly currentTree | `-- mime@1.4.0
163 silly currentTree +-- supports-color@4.4.0
163 silly currentTree +-- tar-stream@1.5.4
163 silly currentTree +-- tar@2.2.1
163 silly currentTree +-- through@2.3.8
163 silly currentTree +-- tiny-lr@1.0.5
163 silly currentTree +-- tmp@0.0.31
163 silly currentTree +-- tslib@1.7.1
163 silly currentTree +-- type-is@1.6.15
163 silly currentTree +-- unpipe@1.0.0
163 silly currentTree +-- util-deprecate@1.0.2
163 silly currentTree +-- utils-merge@1.0.0
163 silly currentTree +-- uuid@3.1.0
163 silly currentTree +-- vary@1.1.1
163 silly currentTree +-- walkdir@0.0.11
163 silly currentTree +-- websocket-driver@0.6.5
163 silly currentTree +-- websocket-extensions@0.1.1
163 silly currentTree +-- which@1.3.0
163 silly currentTree +-- win-release@1.1.1
163 silly currentTree +-- wrap-ansi@3.0.1
163 silly currentTree +-- wrappy@1.0.2
163 silly currentTree +-- xtend@4.0.1
163 silly currentTree +-- yallist@2.1.2
163 silly currentTree `-- zip-stream@1.2.0
164 silly idealTree chori
164 silly idealTree +-- @ionic/cli-utils@1.9.2
164 silly idealTree +-- @types/gulp@3.8.33
164 silly idealTree +-- @types/node@8.0.26
164 silly idealTree +-- @types/orchestrator@0.3.0
164 silly idealTree +-- @types/q@0.0.37
164 silly idealTree +-- @types/vinyl@2.0.1
164 silly idealTree +-- accepts@1.3.4
164 silly idealTree +-- angularfire2@5.0.0-rc.1
164 silly idealTree +-- ansi-escapes@2.0.0
164 silly idealTree +-- ansi-regex@3.0.0
164 silly idealTree +-- ansi-styles@3.2.0
164 silly idealTree +-- anymatch@1.3.2
164 silly idealTree +-- archiver-utils@1.3.0
164 silly idealTree +-- archiver@2.0.3
164 silly idealTree +-- arr-diff@2.0.0
164 silly idealTree +-- arr-flatten@1.1.0
164 silly idealTree +-- array-flatten@1.1.1
164 silly idealTree +-- array-unique@0.2.1
164 silly idealTree +-- async-each@1.0.1
164 silly idealTree +-- async@2.5.0
164 silly idealTree +-- asynckit@0.4.0
164 silly idealTree +-- balanced-match@1.0.0
164 silly idealTree +-- binary-extensions@1.10.0
164 silly idealTree +-- bl@1.2.1
164 silly idealTree +-- block-stream@0.0.9
164 silly idealTree +-- body@5.1.0
164 silly idealTree +-- brace-expansion@1.1.8
164 silly idealTree +-- braces@1.8.5
164 silly idealTree +-- bson@1.0.4
164 silly idealTree +-- buffer-crc32@0.2.13
164 silly idealTree +-- buffer-shims@1.0.0
164 silly idealTree +-- bytes@1.0.0
164 silly idealTree +-- chalk@2.1.0
164 silly idealTree +-- chokidar@1.7.0
164 silly idealTree +-- ci-info@1.1.1
164 silly idealTree +-- cli-cursor@2.1.0
164 silly idealTree +-- cli-width@2.2.0
164 silly idealTree +-- color-convert@1.9.0
164 silly idealTree +-- color-name@1.1.3
164 silly idealTree +-- combined-stream@1.0.5
164 silly idealTree +-- component-emitter@1.2.1
164 silly idealTree +-- compress-commons@1.2.0
164 silly idealTree +-- concat-map@0.0.1
164 silly idealTree +-- content-disposition@0.5.2
164 silly idealTree +-- content-type@1.0.2
164 silly idealTree +-- continuable-cache@0.3.1
164 silly idealTree +-- cookie-signature@1.0.6
164 silly idealTree +-- cookie@0.3.1
164 silly idealTree +-- cookiejar@2.1.1
164 silly idealTree +-- core-util-is@1.0.2
164 silly idealTree +-- crc@3.4.4
164 silly idealTree +-- crc32-stream@2.0.0
164 silly idealTree +-- cross-spawn@5.1.0
164 silly idealTree +-- dargs@5.1.0
164 silly idealTree +-- debug@2.6.8
164 silly idealTree +-- delayed-stream@1.0.0
164 silly idealTree +-- depd@1.1.1
164 silly idealTree +-- destroy@1.0.4
164 silly idealTree +-- diff@3.3.1
164 silly idealTree +-- ee-first@1.1.1
164 silly idealTree +-- elementtree@0.1.7
164 silly idealTree +-- encodeurl@1.0.1
164 silly idealTree +-- end-of-stream@1.4.0
164 silly idealTree +-- error@7.0.2
164 silly idealTree +-- es6-promise@3.2.1
164 silly idealTree +-- escape-html@1.0.3
164 silly idealTree +-- escape-string-regexp@1.0.5
164 silly idealTree +-- etag@1.8.0
164 silly idealTree +-- expand-brackets@0.1.5
164 silly idealTree +-- expand-range@1.8.2
164 silly idealTree +-- express@4.15.4
164 silly idealTree +-- extend@3.0.1
164 silly idealTree +-- external-editor@2.0.4
164 silly idealTree +-- extglob@0.3.2
164 silly idealTree +-- faye-websocket@0.10.0
164 silly idealTree +-- figures@2.0.0
164 silly idealTree +-- filename-regex@2.0.1
164 silly idealTree +-- fill-range@2.2.3
164 silly idealTree +-- finalhandler@1.0.4
164 silly idealTree +-- for-in@1.0.2
164 silly idealTree +-- for-own@0.1.5
164 silly idealTree +-- form-data@2.3.1
164 silly idealTree +-- formidable@1.1.1
164 silly idealTree +-- forwarded@0.1.0
164 silly idealTree +-- fresh@0.5.0
164 silly idealTree +-- fs.realpath@1.0.0
164 silly idealTree +-- fstream@1.0.11
164 silly idealTree +-- glob-base@0.3.0
164 silly idealTree +-- glob-parent@2.0.0
164 silly idealTree +-- glob@7.1.2
164 silly idealTree +-- graceful-fs@4.1.11
164 silly idealTree +-- has-flag@2.0.0
164 silly idealTree +-- http-errors@1.6.2
164 silly idealTree +-- iconv-lite@0.4.18
164 silly idealTree +-- inflight@1.0.6
164 silly idealTree +-- inherits@2.0.3
164 silly idealTree +-- inquirer@3.2.3
164 silly idealTree +-- ionic@3.9.2
164 silly idealTree +-- ipaddr.js@1.4.0
164 silly idealTree +-- is-binary-path@1.0.1
164 silly idealTree +-- is-buffer@1.1.5
164 silly idealTree +-- is-dotfile@1.0.3
164 silly idealTree +-- is-equal-shallow@0.1.3
164 silly idealTree +-- is-extendable@0.1.1
164 silly idealTree +-- is-extglob@1.0.0
164 silly idealTree +-- is-fullwidth-code-point@2.0.0
164 silly idealTree +-- is-glob@2.0.1
164 silly idealTree +-- is-number@2.1.0
164 silly idealTree +-- is-posix-bracket@0.1.1
164 silly idealTree +-- is-primitive@2.0.0
164 silly idealTree +-- is-promise@2.1.0
164 silly idealTree +-- is-wsl@1.1.0
164 silly idealTree +-- isarray@1.0.0
164 silly idealTree +-- isexe@2.0.0
164 silly idealTree +-- isobject@2.1.0
164 silly idealTree +-- jschardet@1.5.1
164 silly idealTree +-- kind-of@3.2.2
164 silly idealTree +-- lazystream@1.0.0
164 silly idealTree +-- leek@0.0.24
164 silly idealTree +-- livereload-js@2.2.2
164 silly idealTree +-- lodash._baseassign@3.2.0
164 silly idealTree +-- lodash._basecopy@3.0.1
164 silly idealTree +-- lodash._bindcallback@3.0.1
164 silly idealTree +-- lodash._createassigner@3.1.1
164 silly idealTree +-- lodash._getnative@3.9.1
164 silly idealTree +-- lodash._isiterateecall@3.0.9
164 silly idealTree +-- lodash.assign@3.2.0
164 silly idealTree +-- lodash.isarguments@3.1.0
164 silly idealTree +-- lodash.isarray@3.0.4
164 silly idealTree +-- lodash.keys@3.1.2
164 silly idealTree +-- lodash.restparam@3.6.1
164 silly idealTree +-- lodash@4.17.4
164 silly idealTree +-- lru-cache@4.1.1
164 silly idealTree +-- macos-release@1.1.0
164 silly idealTree +-- media-typer@0.3.0
164 silly idealTree +-- merge-descriptors@1.0.1
164 silly idealTree +-- methods@1.1.2
164 silly idealTree +-- micromatch@2.3.11
164 silly idealTree +-- mime-db@1.30.0
164 silly idealTree +-- mime-types@2.1.17
164 silly idealTree +-- mime@1.3.4
164 silly idealTree +-- mimic-fn@1.1.0
164 silly idealTree +-- minimatch@3.0.4
164 silly idealTree +-- minimist@1.2.0
164 silly idealTree +-- mkdirp@0.5.1
164 silly idealTree | `-- minimist@0.0.8
164 silly idealTree +-- mongodb-core@2.1.15
164 silly idealTree +-- mongodb@2.2.31
164 silly idealTree +-- ms@2.0.0
164 silly idealTree +-- mute-stream@0.0.7
164 silly idealTree +-- ncp@2.0.0
164 silly idealTree +-- negotiator@0.6.1
164 silly idealTree +-- node-bin-setup@1.0.6
164 silly idealTree +-- node@9.7.0
164 silly idealTree +-- normalize-path@2.1.1
164 silly idealTree +-- object-assign@4.1.1
164 silly idealTree +-- object.omit@2.0.1
164 silly idealTree +-- on-finished@2.3.0
164 silly idealTree +-- once@1.4.0
164 silly idealTree +-- onetime@2.0.1
164 silly idealTree +-- opn@5.1.0
164 silly idealTree +-- os-name@2.0.1
164 silly idealTree +-- os-tmpdir@1.0.2
164 silly idealTree +-- parse-glob@3.0.4
164 silly idealTree +-- parseurl@1.3.1
164 silly idealTree +-- path-is-absolute@1.0.1
164 silly idealTree +-- path-to-regexp@0.1.7
164 silly idealTree +-- preserve@0.2.0
164 silly idealTree +-- process-nextick-args@1.0.7
164 silly idealTree +-- proxy-addr@1.1.5
164 silly idealTree +-- proxy-middleware@0.15.0
164 silly idealTree +-- pseudomap@1.0.2
164 silly idealTree +-- qs@6.5.0
164 silly idealTree +-- randomatic@1.1.7
164 silly idealTree | +-- is-number@3.0.0
164 silly idealTree | | `-- kind-of@3.2.2
164 silly idealTree | `-- kind-of@4.0.0
164 silly idealTree +-- range-parser@1.2.0
164 silly idealTree +-- raw-body@1.1.7
164 silly idealTree | `-- string_decoder@0.10.31
164 silly idealTree +-- readable-stream@2.2.7
164 silly idealTree +-- readdirp@2.1.0
164 silly idealTree +-- regex-cache@0.4.4
164 silly idealTree +-- remove-trailing-separator@1.1.0
164 silly idealTree +-- repeat-element@1.1.2
164 silly idealTree +-- repeat-string@1.6.1
164 silly idealTree +-- require_optional@1.0.1
164 silly idealTree +-- resolve-from@2.0.0
164 silly idealTree +-- restore-cursor@2.0.0
164 silly idealTree +-- rimraf@2.6.1
164 silly idealTree +-- rsvp@3.6.2
164 silly idealTree +-- run-async@2.3.0
164 silly idealTree +-- rx-lite-aggregates@4.0.8
164 silly idealTree +-- rx-lite@4.0.8
164 silly idealTree +-- safe-buffer@5.1.1
164 silly idealTree +-- safe-json-parse@1.0.1
164 silly idealTree +-- sax@1.1.4
164 silly idealTree +-- semver@5.4.1
164 silly idealTree +-- send@0.15.4
164 silly idealTree +-- serve-static@1.12.4
164 silly idealTree +-- set-immediate-shim@1.0.1
164 silly idealTree +-- setprototypeof@1.0.3
164 silly idealTree +-- shebang-command@1.2.0
164 silly idealTree +-- shebang-regex@1.0.0
164 silly idealTree +-- signal-exit@3.0.2
164 silly idealTree +-- slice-ansi@1.0.0
164 silly idealTree +-- ssh-config@1.0.1
164 silly idealTree +-- statuses@1.3.1
164 silly idealTree +-- string_decoder@1.0.3
164 silly idealTree +-- string-template@0.2.1
164 silly idealTree +-- string-width@2.1.1
164 silly idealTree +-- strip-ansi@4.0.0
164 silly idealTree +-- superagent@3.6.0
164 silly idealTree | `-- mime@1.4.0
164 silly idealTree +-- supports-color@4.4.0
164 silly idealTree +-- tar-stream@1.5.4
164 silly idealTree +-- tar@2.2.1
164 silly idealTree +-- through@2.3.8
164 silly idealTree +-- tiny-lr@1.0.5
164 silly idealTree +-- tmp@0.0.31
164 silly idealTree +-- tslib@1.7.1
164 silly idealTree +-- type-is@1.6.15
164 silly idealTree +-- unpipe@1.0.0
164 silly idealTree +-- util-deprecate@1.0.2
164 silly idealTree +-- utils-merge@1.0.0
164 silly idealTree +-- uuid@3.1.0
164 silly idealTree +-- vary@1.1.1
164 silly idealTree +-- walkdir@0.0.11
164 silly idealTree +-- websocket-driver@0.6.5
164 silly idealTree +-- websocket-extensions@0.1.1
164 silly idealTree +-- which@1.3.0
164 silly idealTree +-- win-release@1.1.1
164 silly idealTree +-- wrap-ansi@3.0.1
164 silly idealTree +-- wrappy@1.0.2
164 silly idealTree +-- xtend@4.0.1
164 silly idealTree +-- yallist@2.1.2
164 silly idealTree `-- zip-stream@1.2.0
165 silly generateActionsToTake Starting
166 silly install generateActionsToTake
167 silly generateActionsToTake Finishing
168 silly diffTrees action count 2
169 silly diffTrees add node-bin-setup@1.0.6
170 silly diffTrees add node@9.7.0
171 silly decomposeActions action count 16
172 silly decomposeActions fetch node-bin-setup@1.0.6
173 silly decomposeActions extract node-bin-setup@1.0.6
174 silly decomposeActions test node-bin-setup@1.0.6
175 silly decomposeActions preinstall node-bin-setup@1.0.6
176 silly decomposeActions build node-bin-setup@1.0.6
177 silly decomposeActions install node-bin-setup@1.0.6
178 silly decomposeActions postinstall node-bin-setup@1.0.6
179 silly decomposeActions finalize node-bin-setup@1.0.6
180 silly decomposeActions fetch node@9.7.0
181 silly decomposeActions extract node@9.7.0
182 silly decomposeActions test node@9.7.0
183 silly decomposeActions preinstall node@9.7.0
184 silly decomposeActions build node@9.7.0
185 silly decomposeActions install node@9.7.0
186 silly decomposeActions postinstall node@9.7.0
187 silly decomposeActions finalize node@9.7.0
188 silly runTopLevelLifecycles Starting
189 silly executeActions Starting
190 silly install executeActions
191 silly doSerial global-install 0
192 silly doParallel fetch 2
193 verbose correctMkdir C:\Users\carlos.ribeiro.DEVPARTNER-BR\AppData\Roaming\npm-cache\_locks correctMkdir not in flight; initializing
194 verbose lock using C:\Users\carlos.ribeiro.DEVPARTNER-BR\AppData\Roaming\npm-cache\_locks\staging-f5f949f9e8b7eba5.lock for C:\Users\chori\node_modules\.staging
195 silly doParallel extract 2
196 silly extract node-bin-setup@1.0.6
197 silly extract node@9.7.0
198 verbose unbuild node_modules\.staging\node-bin-setup-709706f5
199 verbose unbuild node_modules\.staging\node-2bb93e36
200 silly gentlyRm C:\Users\chori\node_modules\.staging\node-bin-setup-709706f5 is being purged from base C:\Users\chori
201 verbose gentlyRm don't care about contents; nuking C:\Users\chori\node_modules\.staging\node-bin-setup-709706f5
202 verbose tar unpack C:\Users\carlos.ribeiro.DEVPARTNER-BR\AppData\Roaming\npm-cache\node-bin-setup\1.0.6\package.tgz
203 verbose tar unpacking to C:\Users\chori\node_modules\.staging\node-bin-setup-709706f5
204 silly gentlyRm C:\Users\chori\node_modules\.staging\node-bin-setup-709706f5 is being purged
205 verbose gentlyRm don't care about contents; nuking C:\Users\chori\node_modules\.staging\node-bin-setup-709706f5
206 silly gentlyRm C:\Users\chori\node_modules\.staging\node-2bb93e36 is being purged from base C:\Users\chori
207 verbose gentlyRm don't care about contents; nuking C:\Users\chori\node_modules\.staging\node-2bb93e36
208 silly gunzTarPerm modes [ '777', '666' ]
209 verbose tar unpack C:\Users\carlos.ribeiro.DEVPARTNER-BR\AppData\Roaming\npm-cache\node\9.7.0\package.tgz
210 verbose tar unpacking to C:\Users\chori\node_modules\.staging\node-2bb93e36
211 silly gentlyRm C:\Users\chori\node_modules\.staging\node-2bb93e36 is being purged
212 verbose gentlyRm don't care about contents; nuking C:\Users\chori\node_modules\.staging\node-2bb93e36
213 silly gunzTarPerm modes [ '777', '666' ]
214 silly gunzTarPerm extractEntry package.json
215 silly gunzTarPerm modified mode [ 'package.json', 420, 438 ]
216 silly gunzTarPerm extractEntry package.json
217 silly gunzTarPerm modified mode [ 'package.json', 420, 438 ]
218 silly gunzTarPerm extractEntry index.js
219 silly gunzTarPerm modified mode [ 'index.js', 420, 438 ]
220 silly gunzTarPerm extractEntry installArchSpecificPackage.js
221 silly gunzTarPerm modified mode [ 'installArchSpecificPackage.js', 420, 438 ]
222 silly gunzTarPerm extractEntry README.md
223 silly gunzTarPerm modified mode [ 'README.md', 420, 438 ]
224 silly gentlyRm C:\Users\chori\node_modules\.staging\node-bin-setup-709706f5\node_modules is being purged
225 verbose gentlyRm don't care about contents; nuking C:\Users\chori\node_modules\.staging\node-bin-setup-709706f5\node_modules
226 silly gentlyRm C:\Users\chori\node_modules\.staging\node-2bb93e36\node_modules is being purged
227 verbose gentlyRm don't care about contents; nuking C:\Users\chori\node_modules\.staging\node-2bb93e36\node_modules
228 silly doParallel preinstall 2
229 silly preinstall node-bin-setup@1.0.6
230 info lifecycle node-bin-setup@1.0.6~preinstall: node-bin-setup@1.0.6
231 silly preinstall node@9.7.0
232 info lifecycle node@9.7.0~preinstall: node@9.7.0
233 silly lifecycle node-bin-setup@1.0.6~preinstall: no script for preinstall, continuing
234 verbose lifecycle node@9.7.0~preinstall: unsafe-perm in lifecycle true
235 verbose lifecycle node@9.7.0~preinstall: PATH: C:\Users\chori\AppData\Roaming\nvm\v7.7.4\node_modules\npm\bin\node-gyp-bin;C:\Users\chori\node_modules\.staging\node-2bb93e36\node_modules\.bin;C:\Users\chori\node_modules\.bin;C:\Program Files\Docker\Docker\Resources\bin;C:\Ruby25-x64\bin;C:\Program Files\erl9.2\precompiled\bin;C:\Program Files (x86)\Microsoft SDKs\Azure\CLI2\wbin;C:\WINDOWS\system32;C:\WINDOWS;C:\WINDOWS\System32\Wbem;C:\WINDOWS\System32\WindowsPowerShell\v1.0\;C:\TDM-GCC-64\bin;C:\Program Files (x86)\PuTTY\;C:\Program Files (x86)\pgmodeler;C:\Program Files\dotnet\;C:\Program Files (x86)\Microsoft Emulator Manager\1.0\;C:\Program Files (x86)\Google\Cloud SDK\google-cloud-sdk\bin;C:\Users\chori\AppData\Roaming\nvm;C:\Program Files\nodejs;C:\Program Files (x86)\Microsoft SQL Server;C:\WINDOWS\system32;C:\WINDOWS;C:\WINDOWS\System32\Wbem;C:\WINDOWS\System32\WindowsPowerShell\v1.0\;C:\Program Files\Git\cmd;C:\Program Files\Microsoft SQL Server\130\Tools\Binn\;C:\Program Files\Microsoft SQL Server\Client SDK\ODBC\130\Tools\Binn\;C:\Program Files (x86)\Microsoft SQL Server\140\Tools\Binn\;C:\Program Files\Microsoft SQL Server\140\Tools\Binn\;C:\Program Files\Microsoft SQL Server\140\DTS\Binn\;C:\Program Files (x86)\Microsoft SQL Server\Client SDK\ODBC\130\Tools\Binn\;C:\Program Files (x86)\Microsoft SQL Server\140\DTS\Binn\;C:\Program Files (x86)\Microsoft SQL Server\140\Tools\Binn\ManagementStudio\;C:\Program Files\RedHat\java-1.8.0-openjdk-1.8.0.161-1\bin;C:\Users\carlos.ribeiro.DEVPARTNER-BR\AppData\Local\Microsoft\WindowsApps
236 verbose lifecycle node@9.7.0~preinstall: CWD: C:\Users\chori\node_modules\.staging\node-2bb93e36
237 silly lifecycle node@9.7.0~preinstall: Args: [ '/d /s /c', 'node installArchSpecificPackage' ]
238 silly lifecycle node@9.7.0~preinstall: Returned: code: 1  signal: null
239 info lifecycle node@9.7.0~preinstall: Failed to exec preinstall script
240 verbose unlock done using C:\Users\carlos.ribeiro.DEVPARTNER-BR\AppData\Roaming\npm-cache\_locks\staging-f5f949f9e8b7eba5.lock for C:\Users\chori\node_modules\.staging
241 silly rollbackFailedOptional Starting
242 silly rollbackFailedOptional Finishing
243 silly runTopLevelLifecycles Finishing
244 silly install printInstalled
245 warn optional SKIPPING OPTIONAL DEPENDENCY: fsevents@^1.0.0 (node_modules\chokidar\node_modules\fsevents):
246 warn notsup SKIPPING OPTIONAL DEPENDENCY: Unsupported platform for fsevents@1.1.3: wanted {"os":"darwin","arch":"any"} (current: {"os":"win32","arch":"x64"})
247 verbose notsup SKIPPING OPTIONAL DEPENDENCY: Valid OS:    darwin
247 verbose notsup SKIPPING OPTIONAL DEPENDENCY: Valid Arch:  any
247 verbose notsup SKIPPING OPTIONAL DEPENDENCY: Actual OS:   win32
247 verbose notsup SKIPPING OPTIONAL DEPENDENCY: Actual Arch: x64
248 warn enoent ENOENT: no such file or directory, open 'C:\Users\chori\package.json'
249 verbose enoent ENOENT: no such file or directory, open 'C:\Users\chori\package.json'
249 verbose enoent This is most likely not a problem with npm itself
249 verbose enoent and is related to npm not being able to find a file.
250 warn angularfire2@5.0.0-rc.1 requires a peer of @angular/common@^4.0.0 but none was installed.
251 verbose If you need help, you may report this error at:
251 verbose     <https://github.com/npm/npm/issues>
252 warn angularfire2@5.0.0-rc.1 requires a peer of @angular/core@^4.0.0 but none was installed.
253 verbose If you need help, you may report this error at:
253 verbose     <https://github.com/npm/npm/issues>
254 warn angularfire2@5.0.0-rc.1 requires a peer of @angular/platform-browser@^4.0.0 but none was installed.
255 verbose If you need help, you may report this error at:
255 verbose     <https://github.com/npm/npm/issues>
256 warn angularfire2@5.0.0-rc.1 requires a peer of @angular/platform-browser-dynamic@^4.0.0 but none was installed.
257 verbose If you need help, you may report this error at:
257 verbose     <https://github.com/npm/npm/issues>
258 warn angularfire2@5.0.0-rc.1 requires a peer of firebase@^4.5.0 but none was installed.
259 verbose If you need help, you may report this error at:
259 verbose     <https://github.com/npm/npm/issues>
260 warn angularfire2@5.0.0-rc.1 requires a peer of rxjs@^5.0.1 but none was installed.
261 verbose If you need help, you may report this error at:
261 verbose     <https://github.com/npm/npm/issues>
262 warn angularfire2@5.0.0-rc.1 requires a peer of zone.js@^0.8.0 but none was installed.
263 verbose If you need help, you may report this error at:
263 verbose     <https://github.com/npm/npm/issues>
264 warn chori No description
265 verbose If you need help, you may report this error at:
265 verbose     <https://github.com/npm/npm/issues>
266 warn chori No repository field.
267 verbose If you need help, you may report this error at:
267 verbose     <https://github.com/npm/npm/issues>
268 warn chori No README data
269 verbose If you need help, you may report this error at:
269 verbose     <https://github.com/npm/npm/issues>
270 warn chori No license field.
271 verbose If you need help, you may report this error at:
271 verbose     <https://github.com/npm/npm/issues>
272 verbose stack Error: node@9.7.0 preinstall: `node installArchSpecificPackage`
272 verbose stack Exit status 1
272 verbose stack     at EventEmitter.<anonymous> (C:\Users\chori\AppData\Roaming\nvm\v7.7.4\node_modules\npm\lib\utils\lifecycle.js:279:16)
272 verbose stack     at emitTwo (events.js:106:13)
272 verbose stack     at EventEmitter.emit (events.js:194:7)
272 verbose stack     at ChildProcess.<anonymous> (C:\Users\chori\AppData\Roaming\nvm\v7.7.4\node_modules\npm\lib\utils\spawn.js:40:14)
272 verbose stack     at emitTwo (events.js:106:13)
272 verbose stack     at ChildProcess.emit (events.js:194:7)
272 verbose stack     at maybeClose (internal/child_process.js:899:16)
272 verbose stack     at Process.ChildProcess._handle.onexit (internal/child_process.js:226:5)
273 verbose pkgid node@9.7.0
274 verbose cwd C:\Users\chori\source\repos\@private\70-483
275 error Windows_NT 10.0.17074
276 error argv "C:\\Program Files\\nodejs\\node.exe" "C:\\Program Files\\nodejs\\node_modules\\npm\\bin\\npm-cli.js" "i" "node"
277 error node v7.7.4
278 error npm  v4.1.2
279 error code ELIFECYCLE
280 error node@9.7.0 preinstall: `node installArchSpecificPackage`
280 error Exit status 1
281 error Failed at the node@9.7.0 preinstall script 'node installArchSpecificPackage'.
281 error Make sure you have the latest version of node.js and npm installed.
281 error If you do, this is most likely a problem with the node package,
281 error not with npm itself.
281 error Tell the author that this fails on your system:
281 error     node installArchSpecificPackage
281 error You can get information on how to open an issue for this project with:
281 error     npm bugs node
281 error Or if that isn't available, you can get their info via:
281 error     npm owner ls node
281 error There is likely additional logging output above.
282 verbose exit [ 1, true ]
